<?xml version="1.0" encoding="UTF-8"?>
<!-- Generated by org.testng.reporters.JUnitXMLReporter -->
<testsuite hostname="USER" name="Default test" tests="9" failures="0" timestamp="4 Mar 2017 17:27:38 GMT" time="128.036" errors="0">
  <testcase name="createLeadtest" time="42.631" classname="com.datadriven.zoho.project.testcases.LeadTest"/>
  <testcase name="createLeadtest" time="0.061" classname="com.datadriven.zoho.project.testcases.LeadTest">
    <skipped/>
  </testcase> <!-- createLeadtest -->
  <testcase name="createLeadtest" time="0.064" classname="com.datadriven.zoho.project.testcases.LeadTest">
    <skipped/>
  </testcase> <!-- createLeadtest -->
  <testcase name="createLeadtest" time="0.05" classname="com.datadriven.zoho.project.testcases.LeadTest">
    <skipped/>
  </testcase> <!-- createLeadtest -->
  <testcase name="convertLeadTest" time="38.641" classname="com.datadriven.zoho.project.testcases.LeadTest"/>
  <testcase name="convertLeadTest" time="0.063" classname="com.datadriven.zoho.project.testcases.LeadTest">
    <skipped/>
  </testcase> <!-- convertLeadTest -->
  <testcase name="convertLeadTest" time="0.042" classname="com.datadriven.zoho.project.testcases.LeadTest">
    <skipped/>
  </testcase> <!-- convertLeadTest -->
  <testcase name="convertLeadTest" time="0.039" classname="com.datadriven.zoho.project.testcases.LeadTest">
    <skipped/>
  </testcase> <!-- convertLeadTest -->
  <testcase name="DeleteLeadAccountTest" time="42.78" classname="com.datadriven.zoho.project.testcases.LeadTest"/>
</testsuite> <!-- Default test -->
