<?xml version="1.0" encoding="UTF-8"?>
<!-- Generated by org.testng.reporters.JUnitXMLReporter -->
<testsuite hostname="USER" name="LoginTest" tests="2" failures="0" timestamp="6 Mar 2017 13:29:01 GMT" time="22.3" errors="0">
  <testcase name="doLoginTest" time="20.45" classname="com.datadriven.zoho.project.testcases.LoginTest"/>
  <testcase name="doLoginTest" time="0.078" classname="com.datadriven.zoho.project.testcases.LoginTest">
    <skipped/>
  </testcase> <!-- doLoginTest -->
</testsuite> <!-- LoginTest -->
