<?xml version="1.0" encoding="UTF-8"?>
<!-- Generated by org.testng.reporters.JUnitXMLReporter -->
<testsuite hostname="USER" name="PotentialTest" tests="2" failures="0" timestamp="6 Mar 2017 13:31:56 GMT" time="41.989" errors="0">
  <testcase name="createPotentialTest" time="41.808" classname="com.datadriven.zoho.project.testcases.PotentialTest"/>
  <testcase name="deletePotentialAccountTest" time="0.0" classname="com.datadriven.zoho.project.testcases.PotentialTest"/>
</testsuite> <!-- PotentialTest -->
